logger=cleanup t=2025-03-30T00:00:16.6953482+03:00 level=info msg="Completed cleanup jobs" duration=12.9989ms
logger=plugins.update.checker t=2025-03-30T00:00:16.930529+03:00 level=info msg="Update check succeeded" duration=107.1802ms
logger=cleanup t=2025-03-30T00:10:16.7001531+03:00 level=info msg="Completed cleanup jobs" duration=18.0005ms
logger=plugins.update.checker t=2025-03-30T00:10:16.9328739+03:00 level=info msg="Update check succeeded" duration=109.7209ms
logger=cleanup t=2025-03-30T00:20:16.6961591+03:00 level=info msg="Completed cleanup jobs" duration=13.9995ms
logger=licensing t=2025-03-30T00:20:16.7131591+03:00 level=info msg="Validated license token" appURL=http://localhost:3000/ source=disk status=NotFound
logger=licensing.renewal t=2025-03-30T00:20:16.7131591+03:00 level=warn msg="failed to load or validate token" err="license token file not found: C:\\Program Files\\GrafanaLabs\\grafana\\data\\license.jwt"
logger=plugins.update.checker t=2025-03-30T00:20:16.9365754+03:00 level=info msg="Update check succeeded" duration=113.2201ms
logger=infra.usagestats t=2025-03-30T00:21:43.6999854+03:00 level=info msg="Usage stats are ready to report"
logger=cleanup t=2025-03-30T00:30:16.7133776+03:00 level=info msg="Completed cleanup jobs" duration=31.0001ms
logger=plugins.update.checker t=2025-03-30T00:30:16.9373776+03:00 level=info msg="Update check succeeded" duration=114.002ms
logger=cleanup t=2025-03-30T00:40:16.7063822+03:00 level=info msg="Completed cleanup jobs" duration=23.9997ms
logger=plugins.update.checker t=2025-03-30T00:40:17.0201685+03:00 level=info msg="Update check succeeded" duration=196.7848ms
logger=cleanup t=2025-03-30T00:50:16.6962334+03:00 level=info msg="Completed cleanup jobs" duration=14.0001ms
logger=plugins.update.checker t=2025-03-30T00:50:17.0101991+03:00 level=info msg="Update check succeeded" duration=187.017ms
logger=infra.usagestats t=2025-03-30T00:51:43.6899675+03:00 level=info msg="Usage stats are ready to report"
logger=cleanup t=2025-03-30T01:00:16.7145074+03:00 level=info msg="Completed cleanup jobs" duration=31.9976ms
logger=plugins.update.checker t=2025-03-30T01:00:17.0252839+03:00 level=info msg="Update check succeeded" duration=202.2924ms
logger=infra.usagestats t=2025-03-30T12:42:05.775852+03:00 level=info msg="Usage stats are ready to report"
logger=licensing t=2025-03-30T12:42:05.7873533+03:00 level=info msg="Validated license token" appURL=http://localhost:3000/ source=disk status=NotFound
logger=licensing.renewal t=2025-03-30T12:42:05.7873533+03:00 level=warn msg="failed to load or validate token" err="license token file not found: C:\\Program Files\\GrafanaLabs\\grafana\\data\\license.jwt"
logger=cleanup t=2025-03-30T12:42:05.9278506+03:00 level=info msg="Completed cleanup jobs" duration=243.4974ms
logger=cleanup t=2025-03-30T12:50:16.6954263+03:00 level=info msg="Completed cleanup jobs" duration=13.0012ms
logger=plugins.update.checker t=2025-03-30T12:50:18.0699954+03:00 level=info msg="Update check succeeded" duration=1.2470635s
logger=infra.usagestats t=2025-03-30T12:51:43.6896141+03:00 level=info msg="Usage stats are ready to report"
logger=cleanup t=2025-03-30T13:00:16.7174394+03:00 level=info msg="Completed cleanup jobs" duration=35.2757ms
logger=plugins.update.checker t=2025-03-30T13:00:17.0508748+03:00 level=info msg="Update check succeeded" duration=227.9283ms
logger=cleanup t=2025-03-30T13:10:16.6880406+03:00 level=info msg="Completed cleanup jobs" duration=5.5025ms
logger=plugins.update.checker t=2025-03-30T13:10:17.0084245+03:00 level=info msg="Update check succeeded" duration=185.4439ms
logger=licensing t=2025-03-30T13:20:16.6885899+03:00 level=info msg="Validated license token" appURL=http://localhost:3000/ source=disk status=NotFound
logger=licensing.renewal t=2025-03-30T13:20:16.6885899+03:00 level=warn msg="failed to load or validate token" err="license token file not found: C:\\Program Files\\GrafanaLabs\\grafana\\data\\license.jwt"
logger=cleanup t=2025-03-30T13:20:16.7340921+03:00 level=info msg="Completed cleanup jobs" duration=52.0006ms
logger=plugins.update.checker t=2025-03-30T13:20:17.0085526+03:00 level=info msg="Update check succeeded" duration=185.4632ms
logger=infra.usagestats t=2025-03-30T13:21:43.6993286+03:00 level=info msg="Usage stats are ready to report"
logger=cleanup t=2025-03-30T13:30:16.7279973+03:00 level=info msg="Completed cleanup jobs" duration=45.7019ms
logger=plugins.update.checker t=2025-03-30T13:30:17.0326041+03:00 level=info msg="Update check succeeded" duration=209.6097ms
logger=cleanup t=2025-03-30T13:40:16.7001275+03:00 level=info msg="Completed cleanup jobs" duration=17.9998ms
logger=plugins.update.checker t=2025-03-30T13:40:17.0098626+03:00 level=info msg="Update check succeeded" duration=186.4246ms
logger=cleanup t=2025-03-30T13:50:16.6836922+03:00 level=info msg="Completed cleanup jobs" duration=1.4996ms
logger=plugins.update.checker t=2025-03-30T13:50:17.0236906+03:00 level=info msg="Update check succeeded" duration=200.4997ms
logger=infra.usagestats t=2025-03-30T13:51:43.6992816+03:00 level=info msg="Usage stats are ready to report"
logger=cleanup t=2025-03-30T14:00:16.7009701+03:00 level=info msg="Completed cleanup jobs" duration=18.5009ms
logger=plugins.update.checker t=2025-03-30T14:00:17.7497293+03:00 level=info msg="Update check succeeded" duration=926.7596ms
logger=cleanup t=2025-03-30T14:10:16.6999324+03:00 level=info msg="Completed cleanup jobs" duration=17.5275ms
logger=plugins.update.checker t=2025-03-30T14:10:17.007257+03:00 level=info msg="Update check succeeded" duration=183.9249ms
logger=licensing t=2025-03-30T14:20:16.7213758+03:00 level=info msg="Validated license token" appURL=http://localhost:3000/ source=disk status=NotFound
logger=licensing.renewal t=2025-03-30T14:20:16.7213758+03:00 level=warn msg="failed to load or validate token" err="license token file not found: C:\\Program Files\\GrafanaLabs\\grafana\\data\\license.jwt"
logger=cleanup t=2025-03-30T14:20:16.7574337+03:00 level=info msg="Completed cleanup jobs" duration=75.1467ms
logger=plugins.update.checker t=2025-03-30T14:20:17.0344482+03:00 level=info msg="Update check succeeded" duration=211.5252ms
logger=infra.usagestats t=2025-03-30T14:21:43.6902491+03:00 level=info msg="Usage stats are ready to report"
logger=cleanup t=2025-03-30T14:30:16.7237236+03:00 level=info msg="Completed cleanup jobs" duration=41.2509ms
logger=plugins.update.checker t=2025-03-30T14:30:17.0191913+03:00 level=info msg="Update check succeeded" duration=196.0509ms
logger=cleanup t=2025-03-30T14:40:16.6963831+03:00 level=info msg="Completed cleanup jobs" duration=14.0168ms
logger=plugins.update.checker t=2025-03-30T14:40:17.0222838+03:00 level=info msg="Update check succeeded" duration=199.382ms
logger=cleanup t=2025-03-30T14:50:16.7260613+03:00 level=info msg="Completed cleanup jobs" duration=43.7503ms
logger=plugins.update.checker t=2025-03-30T14:50:17.4087565+03:00 level=info msg="Update check succeeded" duration=585.6429ms
logger=infra.usagestats t=2025-03-30T14:51:43.6898693+03:00 level=info msg="Usage stats are ready to report"
logger=cleanup t=2025-03-30T15:00:16.7159569+03:00 level=info msg="Completed cleanup jobs" duration=33.8828ms
logger=plugins.update.checker t=2025-03-30T15:00:17.054784+03:00 level=info msg="Update check succeeded" duration=231.5927ms
logger=context userId=0 orgId=0 uname= t=2025-03-30T15:06:10.74864+03:00 level=info msg="Request Completed" method=GET path=/d/aeg13g7mi2eiod/new-dashboard status=302 remote_addr=[::1] time_ms=10 duration=10.0006ms size=329 referer=http://localhost:3000/login handler=/d/:uid/:slug status_source=server
logger=context userId=0 orgId=0 uname= t=2025-03-30T15:06:10.7576389+03:00 level=info msg="Request Completed" method=GET path=/user/auth-tokens/rotate status=302 remote_addr=[::1] time_ms=5 duration=5.3864ms size=267 referer=http://localhost:3000/login handler=/user/auth-tokens/rotate status_source=server
logger=context userId=1 orgId=1 uname=admin t=2025-03-30T15:06:11.9191403+03:00 level=info msg="Request Completed" method=GET path=/api/live/ws status=-1 remote_addr=[::1] time_ms=3 duration=3.0003ms size=0 referer= handler=/api/live/ws status_source=server
logger=live t=2025-03-30T15:06:12.3436388+03:00 level=info msg="Initialized channel handler" channel=grafana/dashboard/uid/aeg13g7mi2eiod address=grafana/dashboard/uid/aeg13g7mi2eiod
logger=cleanup t=2025-03-30T15:10:16.7100507+03:00 level=info msg="Completed cleanup jobs" duration=27.5255ms
logger=plugins.update.checker t=2025-03-30T15:10:17.233273+03:00 level=info msg="Update check succeeded" duration=410.253ms
logger=licensing t=2025-03-30T15:20:16.7531551+03:00 level=info msg="Validated license token" appURL=http://localhost:3000/ source=disk status=NotFound
logger=licensing.renewal t=2025-03-30T15:20:16.7531551+03:00 level=warn msg="failed to load or validate token" err="license token file not found: C:\\Program Files\\GrafanaLabs\\grafana\\data\\license.jwt"
logger=cleanup t=2025-03-30T15:20:16.7697643+03:00 level=info msg="Completed cleanup jobs" duration=87.3925ms
logger=plugins.update.checker t=2025-03-30T15:20:17.0204803+03:00 level=info msg="Update check succeeded" duration=197.1392ms
logger=infra.usagestats t=2025-03-30T15:21:43.6903716+03:00 level=info msg="Usage stats are ready to report"
logger=cleanup t=2025-03-30T15:30:16.7260976+03:00 level=info msg="Completed cleanup jobs" duration=43.9966ms
logger=plugins.update.checker t=2025-03-30T15:30:17.0115978+03:00 level=info msg="Update check succeeded" duration=188.5006ms
logger=cleanup t=2025-03-30T15:40:16.7223956+03:00 level=info msg="Completed cleanup jobs" duration=40.0019ms
logger=plugins.update.checker t=2025-03-30T15:40:17.0699629+03:00 level=info msg="Update check succeeded" duration=246.9045ms
logger=cleanup t=2025-03-30T15:50:16.740234+03:00 level=info msg="Completed cleanup jobs" duration=58.015ms
logger=plugins.update.checker t=2025-03-30T15:50:17.6486575+03:00 level=info msg="Update check succeeded" duration=825.4487ms
logger=infra.usagestats t=2025-03-30T15:51:43.6902432+03:00 level=info msg="Usage stats are ready to report"
logger=cleanup t=2025-03-30T16:00:16.7031071+03:00 level=info msg="Completed cleanup jobs" duration=21.0173ms
logger=plugins.update.checker t=2025-03-30T16:00:17.1510461+03:00 level=info msg="Update check succeeded" duration=327.7092ms
logger=cleanup t=2025-03-30T16:10:16.6933685+03:00 level=info msg="Completed cleanup jobs" duration=10.9997ms
logger=plugins.update.checker t=2025-03-30T16:10:17.0106498+03:00 level=info msg="Update check succeeded" duration=187.371ms
logger=cleanup t=2025-03-30T16:20:16.7176043+03:00 level=info msg="Completed cleanup jobs" duration=35.5013ms
logger=licensing t=2025-03-30T16:20:16.7416048+03:00 level=info msg="Validated license token" appURL=http://localhost:3000/ source=disk status=NotFound
logger=licensing.renewal t=2025-03-30T16:20:16.7416048+03:00 level=warn msg="failed to load or validate token" err="license token file not found: C:\\Program Files\\GrafanaLabs\\grafana\\data\\license.jwt"
logger=plugins.update.checker t=2025-03-30T16:20:17.0071034+03:00 level=info msg="Update check succeeded" duration=184.0001ms
logger=infra.usagestats t=2025-03-30T16:21:43.6992077+03:00 level=info msg="Usage stats are ready to report"
logger=cleanup t=2025-03-30T16:30:16.7010892+03:00 level=info msg="Completed cleanup jobs" duration=19.0015ms
logger=plugins.update.checker t=2025-03-30T16:30:17.0755883+03:00 level=info msg="Update check succeeded" duration=252.5027ms
logger=cleanup t=2025-03-30T16:40:16.6960456+03:00 level=info msg="Completed cleanup jobs" duration=14.0008ms
logger=plugins.update.checker t=2025-03-30T16:40:17.0146718+03:00 level=info msg="Update check succeeded" duration=191.6265ms
logger=cleanup t=2025-03-30T16:50:16.7232442+03:00 level=info msg="Completed cleanup jobs" duration=41.001ms
logger=plugins.update.checker t=2025-03-30T16:50:17.0427434+03:00 level=info msg="Update check succeeded" duration=219.501ms
logger=infra.usagestats t=2025-03-30T16:51:43.6906859+03:00 level=info msg="Usage stats are ready to report"
logger=cleanup t=2025-03-30T17:00:16.7038073+03:00 level=info msg="Completed cleanup jobs" duration=21.498ms
logger=plugins.update.checker t=2025-03-30T17:00:17.3063057+03:00 level=info msg="Update check succeeded" duration=482.9989ms
logger=cleanup t=2025-03-30T17:10:16.7056066+03:00 level=info msg="Completed cleanup jobs" duration=23.5005ms
logger=plugins.update.checker t=2025-03-30T17:10:17.0143279+03:00 level=info msg="Update check succeeded" duration=191.2225ms
logger=licensing t=2025-03-30T17:20:16.7268639+03:00 level=info msg="Validated license token" appURL=http://localhost:3000/ source=disk status=NotFound
logger=licensing.renewal t=2025-03-30T17:20:16.7268639+03:00 level=warn msg="failed to load or validate token" err="license token file not found: C:\\Program Files\\GrafanaLabs\\grafana\\data\\license.jwt"
logger=cleanup t=2025-03-30T17:20:16.7563653+03:00 level=info msg="Completed cleanup jobs" duration=74.0008ms
logger=plugins.update.checker t=2025-03-30T17:20:17.0148818+03:00 level=info msg="Update check succeeded" duration=191.9732ms
logger=infra.usagestats t=2025-03-30T17:21:43.6903683+03:00 level=info msg="Usage stats are ready to report"
logger=cleanup t=2025-03-30T17:30:16.7248547+03:00 level=info msg="Completed cleanup jobs" duration=42.5191ms
logger=plugins.update.checker t=2025-03-30T17:30:17.122063+03:00 level=info msg="Update check succeeded" duration=298.7828ms
logger=cleanup t=2025-03-30T17:40:16.6969074+03:00 level=info msg="Completed cleanup jobs" duration=14.4981ms
logger=plugins.update.checker t=2025-03-30T17:40:17.0232+03:00 level=info msg="Update check succeeded" duration=200.2897ms
logger=cleanup t=2025-03-30T17:50:16.7244527+03:00 level=info msg="Completed cleanup jobs" duration=42.0008ms
logger=plugins.update.checker t=2025-03-30T17:50:17.0128532+03:00 level=info msg="Update check succeeded" duration=189.9656ms
